#
# A fatal error has been detected by the Java Runtime Environment:
#
#  EXCEPTION_ACCESS_VIOLATION (0xc0000005) at pc=0x00007fffb14a2a95, pid=25256, tid=11192
#
# JRE version: OpenJDK Runtime Environment Temurin-17.0.15+6 (17.0.15+6) (build 17.0.15+6)
# Java VM: OpenJDK 64-Bit Server VM Temurin-17.0.15+6 (17.0.15+6, mixed mode, sharing, tiered, compressed oops, compressed class ptrs, g1 gc, windows-amd64)
# Problematic frame:
# C  [ntdll.dll+0x22a95]
#
# No core dump will be written. Minidumps are not enabled by default on client versions of Windows
#
# If you would like to submit a bug report, please visit:
#   https://github.com/adoptium/adoptium-support/issues
# The crash happened outside the Java Virtual Machine in native code.
# See problematic frame for where to report the bug.
#

---------------  S U M M A R Y ------------

Command Line: -Dfile.encoding=UTF-8 -Duser.country=AR -Duser.language=es -Duser.variant com.snakeinfinite.game.lwjgl3.Lwjgl3Launcher

Host: AMD Ryzen 5 5625U with Radeon Graphics         , 12 cores, 7G,  Windows 11 , 64 bit Build 26100 (10.0.26100.7019)
Time: Wed Nov 19 01:30:09 2025 Hora estándar de Argentina elapsed time: 6.789350 seconds (0d 0h 0m 6s)

---------------  T H R E A D  ---------------

Current thread (0x000001f4cbbc4730):  JavaThread "main" [_thread_in_native, id=11192, stack(0x0000001723300000,0x0000001723400000)]

Stack: [0x0000001723300000,0x0000001723400000],  sp=0x00000017233fee10,  free space=1019k
Native frames: (J=compiled Java code, j=interpreted, Vv=VM code, C=native code)
C  [ntdll.dll+0x22a95]
C  [ntdll.dll+0x79300]
C  [msvcrt.dll+0x1d60c]
C  0x000001f4dac4d6e1

The last pc belongs to method entry point (kind = native) (printed below).
Java frames: (J=compiled Java code, j=interpreted, Vv=VM code)
j  com.badlogic.gdx.utils.BufferUtils.freeMemory(Ljava/nio/ByteBuffer;)V+0
j  com.badlogic.gdx.utils.BufferUtils.disposeUnsafeByteBuffer(Ljava/nio/ByteBuffer;)V+51
j  com.badlogic.gdx.graphics.glutils.VertexBufferObject.dispose()V+39
j  com.badlogic.gdx.graphics.Mesh.dispose()V+38
j  com.badlogic.gdx.graphics.glutils.ImmediateModeRenderer20.dispose()V+25
j  com.badlogic.gdx.graphics.glutils.ShapeRenderer.dispose()V+4
j  com.snakeinfinite.game.pantallas.PantallaJuego.dispose()V+4
j  com.snakeinfinite.game.utiles.Principal.dispose()V+18
j  com.badlogic.gdx.backends.lwjgl3.Lwjgl3Window.dispose()V+13
j  com.badlogic.gdx.backends.lwjgl3.Lwjgl3Application.loop()V+408
j  com.badlogic.gdx.backends.lwjgl3.Lwjgl3Application.<init>(Lcom/badlogic/gdx/ApplicationListener;Lcom/badlogic/gdx/backends/lwjgl3/Lwjgl3ApplicationConfiguration;)V+269
j  com.snakeinfinite.game.lwjgl3.Lwjgl3Launcher.createApplication()Lcom/badlogic/gdx/backends/lwjgl3/Lwjgl3Application;+14
j  com.snakeinfinite.game.lwjgl3.Lwjgl3Launcher.main([Ljava/lang/String;)V+7
v  ~StubRoutines::call_stub

siginfo: EXCEPTION_ACCESS_VIOLATION (0xc0000005), reading address 0xffffffffffffffff


Registers:
RAX=0x00000000006e0016, RBX=0x000001f4c9bc0000, RCX=0x0000000000006e6e, RDX=0x000000000000006e
RSP=0x00000017233fee10, RBP=0x00000017233ff188, RSI=0x000001f4f1284df0, RDI=0x000001f4f126e670
R8 =0x000001f4f126e680, R9 =0x000001f4c9600100, R10=0x0000001722f3a000, R11=0x000000000000000a
R12=0x0000000000000000, R13=0x0000000000000001, R14=0x43bc0000432d0000, R15=0x3f700000fe33e5ff
RIP=0x00007fffb14a2a95, EFLAGS=0x0000000000010246

XMM[0]=0x0000000000000002 0x000000009094f8a0
XMM[1]=0x0000000000000000 0x0000000000000000
XMM[2]=0x00200022006e0077 0x006f006e006b006e
XMM[3]=0x0077002000640065 0x006c006900610066
XMM[4]=0x0074006100740073 0x0020006800740069
XMM[5]=0x446c676e5f303253 0x454c475f73656c67
XMM[6]=0x0000000000000000 0x000000003e840000
XMM[7]=0x0000000000000000 0x0000000041d00000
XMM[8]=0x0000000000000000 0x00000000905b81b8
XMM[9]=0x0000000000000000 0x0000000044438000
XMM[10]=0x0000000000000000 0x0000000044120000
XMM[11]=0x0000000000000000 0x0000000043380000
XMM[12]=0x0000000000000000 0x0000000041200000
XMM[13]=0x0000000000000000 0x0000000041900000
XMM[14]=0x0000000000000000 0x0000000043380000
XMM[15]=0x0000000000000000 0x0000000000000000
  MXCSR=0x00001fa0


Register to memory mapping:

RIP=0x00007fffb14a2a95 ntdll.dll
RAX=0x00000000006e0016 is an unknown value
RBX=0x000001f4c9bc0000 points into unknown readable memory: 0x0000000000000000 | 00 00 00 00 00 00 00 00
RCX=0x0000000000006e6e is an unknown value
RDX=0x000000000000006e is an unknown value
RSP=0x00000017233fee10 is pointing into the stack for thread: 0x000001f4cbbc4730
RBP=0x00000017233ff188 is pointing into the stack for thread: 0x000001f4cbbc4730
RSI=0x000001f4f1284df0 points into unknown readable memory: 0x0000000000000000 | 00 00 00 00 00 00 00 00
RDI=0x000001f4f126e670 points into unknown readable memory: 0x00007fff9b61a050 | 50 a0 61 9b ff 7f 00 00
R8 =0x000001f4f126e680 points into unknown readable memory: 0x43bc0000432d0000 | 00 00 2d 43 00 00 bc 43
R9 =0x000001f4c9600100 points into unknown readable memory: 0x000001f4c9bc02c0 | c0 02 bc c9 f4 01 00 00
R10=0x0000001722f3a000 points into unknown readable memory: 0x0000000000000000 | 00 00 00 00 00 00 00 00
R11=0x000000000000000a is an unknown value
R12=0x0 is NULL
R13=0x0000000000000001 is an unknown value
R14=0x43bc0000432d0000 is an unknown value
R15=0x3f700000fe33e5ff is an unknown value


Top of Stack: (sp=0x00000017233fee10)
0x00000017233fee10:   000001f4c9bc0000 00007ffec3834c9b
0x00000017233fee20:   000001f4ea78eb88 0000000000000002
0x00000017233fee30:   000000000000000c 00000017233ff038
0x00000017233fee40:   0000000000000010 00007ffec3935e27
0x00000017233fee50:   00000000ea790701 0000000000001389
0x00000017233fee60:   000001f4cbbc4701 00007ffec3837d00
0x00000017233fee70:   0000000000000000 00007ffe00000003
0x00000017233fee80:   000001f400000001 000001f400000000
0x00000017233fee90:   0000000000000000 000001f4cbbc4730
0x00000017233feea0:   0000000000000000 00000000000000b8
0x00000017233feeb0:   000001f4cbbc4730 000001f4eeb59900
0x00000017233feec0:   00000017233ff010 00007ffec3515684
0x00000017233feed0:   0000000000000000 0000000000000000
0x00000017233feee0:   000001f4ea790b08 00000017233fef50
0x00000017233feef0:   0000000000000000 000001f4ee0a0101
0x00000017233fef00:   000001f4cbbc4730 00007ffec3655892
0x00000017233fef10:   000001f4ea6a70d0 0000000000000000
0x00000017233fef20:   0000000000000000 000001f4f1284df0
0x00000017233fef30:   000001f4000000b8 000001f4cbbc4730
0x00000017233fef40:   0000000000001389 000001f4cbbc4730
0x00000017233fef50:   0000fcf8af670deb 000001f4cbbc4730
0x00000017233fef60:   000001f4cbbc4730 00000017233ff058
0x00000017233fef70:   00000017233ff038 0000000000000003
0x00000017233fef80:   00000017233ff088 0000000000000000
0x00000017233fef90:   000000009094f888 00007ffec36e6478
0x00000017233fefa0:   000001f4cbbc4730 000001f4dac5a5bd
0x00000017233fefb0:   000001f4dac48e10 000001f400000000
0x00000017233fefc0:   0000000000000000 000001f4c9bc0000
0x00000017233fefd0:   0000000000000000 0000000000000000
0x00000017233fefe0:   000001f4f1284e00 00007fffb14f9300
0x00000017233feff0:   000001f4c9bc0000 000001f4ea6a75a0
0x00000017233ff000:   000001f4f1284df0 000001f4f1284df0 

Instructions: (pc=0x00007fffb14a2a95)
0x00007fffb14a2995:   89 43 78 e9 d1 f6 ff ff 44 8d 61 ff 41 8b c4 48
0x00007fffb14a29a5:   89 84 24 88 00 00 00 e9 bf fb ff ff 41 8b 4d f8
0x00007fffb14a29b5:   89 8c 24 98 01 00 00 83 7b 7c 00 74 4f 33 8b 88
0x00007fffb14a29c5:   00 00 00 8b f1 89 8c 24 98 01 00 00 8b d1 c1 ea
0x00007fffb14a29d5:   10 8b c1 c1 e8 08 32 d0 32 d1 8b c1 c1 e8 18 3a
0x00007fffb14a29e5:   c2 74 29 33 c0 48 89 44 24 28 48 89 44 24 20 45
0x00007fffb14a29f5:   33 c9 4d 8d 45 f0 48 8b d3 8d 48 03 e8 da c2 ff
0x00007fffb14a2a05:   ff 0f b7 ce 4c 8b 84 24 20 01 00 00 0f b7 c1 44
0x00007fffb14a2a15:   2b c0 44 89 84 24 08 01 00 00 48 8b b4 24 f0 01
0x00007fffb14a2a25:   00 00 45 85 c0 0f 8f 35 fe ff ff e9 28 fe ff ff
0x00007fffb14a2a35:   45 3b c1 0f 87 3f 03 00 00 49 83 c2 04 4c 89 94
0x00007fffb14a2a45:   24 a0 00 00 00 41 8b 12 41 ff c0 44 89 44 24 6c
0x00007fffb14a2a55:   e9 86 fc ff ff 85 c9 74 2c 8b 93 88 00 00 00 33
0x00007fffb14a2a65:   57 08 89 57 08 8b ca c1 e9 10 8b c2 c1 e8 08 32
0x00007fffb14a2a75:   c8 32 ca c1 ea 18 3a d1 74 0b 48 8b d7 48 8b cb
0x00007fffb14a2a85:   e8 16 16 00 00 4c 8d 47 10 4d 8b 30 4c 8b 7f 18
0x00007fffb14a2a95:   49 8b 07 4d 8b 4e 08 49 3b c0 0f 85 7e 03 00 00
0x00007fffb14a2aa5:   49 3b c1 0f 85 75 03 00 00 0f b7 47 08 48 8b 8b
0x00007fffb14a2ab5:   c0 00 00 00 48 2b c8 48 89 8b c0 00 00 00 48 8b
0x00007fffb14a2ac5:   93 38 01 00 00 48 85 d2 0f 84 04 01 00 00 48 c7
0x00007fffb14a2ad5:   84 24 d0 00 00 00 00 00 00 00 0f b7 4f 08 44 8b
0x00007fffb14a2ae5:   4a 08 49 3b c9 0f 82 c4 00 00 00 48 8b 02 48 85
0x00007fffb14a2af5:   c0 0f 84 b4 00 00 00 48 8b d0 eb e2 41 0f b7 46
0x00007fffb14a2b05:   f8 66 89 44 24 68 0f b7 c8 e9 6f fc ff ff 83 7f
0x00007fffb14a2b15:   0c 00 0f 85 48 02 00 00 48 8b 47 30 4e 8b 24 e8
0x00007fffb14a2b25:   4d 3b c4 0f 84 2f 01 00 00 4d 8d 44 24 f0 41 8b
0x00007fffb14a2b35:   50 08 89 94 24 78 01 00 00 83 7b 7c 00 74 43 33
0x00007fffb14a2b45:   93 88 00 00 00 8b f2 89 94 24 78 01 00 00 8b ca
0x00007fffb14a2b55:   c1 e9 10 8b c2 c1 e8 08 32 c8 32 ca 8b c2 c1 e8
0x00007fffb14a2b65:   18 3a c1 74 1d 33 c0 48 89 44 24 28 48 89 44 24
0x00007fffb14a2b75:   20 45 33 c9 48 8b d3 8d 48 03 e8 5c c1 ff ff 0f
0x00007fffb14a2b85:   b7 d6 0f b7 c2 41 8b cf 2b c8 89 8c 24 04 01 00 


Stack slot to memory mapping:
stack at sp + 0 slots: 0x000001f4c9bc0000 points into unknown readable memory: 0x0000000000000000 | 00 00 00 00 00 00 00 00
stack at sp + 1 slots: 0x00007ffec3834c9b jvm.dll
stack at sp + 2 slots: 0x000001f4ea78eb88 is pointing into metadata
stack at sp + 3 slots: 0x0000000000000002 is an unknown value
stack at sp + 4 slots: 0x000000000000000c is an unknown value
stack at sp + 5 slots: 0x00000017233ff038 is pointing into the stack for thread: 0x000001f4cbbc4730
stack at sp + 6 slots: 0x0000000000000010 is an unknown value
stack at sp + 7 slots: 0x00007ffec3935e27 jvm.dll

method entry point (kind = native)  [0x000001f4dac4d300, 0x000001f4dac4dc80]  2432 bytes
[MachCode]
  0x000001f4dac4d300: 488b 4b08 | 0fb7 492c | 584c 8d74 | ccf8 6800 | 0000 0068 | 0000 0000 | 5055 488b | ec41 5568 
  0x000001f4dac4d320: 0000 0000 | 4c8b 6b08 | 4d8d 6d30 | 5348 8b53 | 0848 8b52 | 0848 8b52 | 1848 8b52 | 7048 8b12 
  0x000001f4dac4d340: 5248 8b53 | 1048 85d2 | 0f84 0700 | 0000 4881 | c208 0100 | 0052 488b | 5308 488b | 5208 488b 
  0x000001f4dac4d360: 5210 5241 | 5668 0000 | 0000 6800 | 0000 0048 | 8924 2441 | c687 7103 | 0000 0148 | 8b43 1048 
  0x000001f4dac4d380: 85c0 7420 | 8b88 cc00 | 0000 83c1 | 0289 88cc | 0000 0023 | 88e0 0000 | 000f 842f | 0800 00e9 
  0x000001f4dac4d3a0: d100 0000 | 488b 4318 | 4885 c00f | 85b2 0000 | 00e8 0500 | 0000 e99b | 0000 0048 | 8bd3 488d 
  0x000001f4dac4d3c0: 4424 084c | 896d c049 | 8bcf c5f8 | 7749 89af | a802 0000 | 4989 8798 | 0200 0048 | 83ec 20f7 
  0x000001f4dac4d3e0: c40f 0000 | 000f 841a | 0000 0048 | 83ec 0849 | ba20 2065 | c3fe 7f00 | 0041 ffd2 | 4883 c408 
  0x000001f4dac4d400: e90d 0000 | 0049 ba20 | 2065 c3fe | 7f00 0041 | ffd2 4883 | c420 49c7 | 8798 0200 | 0000 0000 
  0x000001f4dac4d420: 0049 c787 | a802 0000 | 0000 0000 | 49c7 87a0 | 0200 0000 | 0000 00c5 | f877 4981 | 7f08 0000 
  0x000001f4dac4d440: 0000 0f84 | 0500 0000 | e9b3 3aff | ff4c 8b6d | c04c 8b75 | c8c3 488b | 4318 4885 | c00f 8412 
  0x000001f4dac4d460: 0000 008b | 4808 83c1 | 0289 4808 | 2348 200f | 8459 0700 | 0089 8424 | 0090 ffff | 41c6 8771 
  0x000001f4dac4d480: 0300 0000 | 49ba a9c6 | e5c3 fe7f | 0000 4180 | 3a00 0f84 | 4200 0000 | 488b 55e8 | 498b cf48 
  0x000001f4dac4d4a0: 83ec 20f7 | c40f 0000 | 000f 841a | 0000 0048 | 83ec 0849 | ba70 8b9b | c3fe 7f00 | 0041 ffd2 
  0x000001f4dac4d4c0: 4883 c408 | e90d 0000 | 0049 ba70 | 8b9b c3fe | 7f00 0041 | ffd2 4883 | c420 488b | 5de8 4c8b 
  0x000001f4dac4d4e0: 5b08 450f | b75b 2c41 | c1e3 0349 | 2be3 4883 | ec20 4883 | e4f0 4c8b | 5b60 4d85 | db0f 85ad 
  0x000001f4dac4d500: 0000 00e8 | 0500 0000 | e99b 0000 | 0048 8bd3 | 488d 4424 | 084c 896d | c049 8bcf | c5f8 7749 
  0x000001f4dac4d520: 89af a802 | 0000 4989 | 8798 0200 | 0048 83ec | 20f7 c40f | 0000 000f | 841a 0000 | 0048 83ec 
  0x000001f4dac4d540: 0849 ba60 | 4965 c3fe | 7f00 0041 | ffd2 4883 | c408 e90d | 0000 0049 | ba60 4965 | c3fe 7f00 
  0x000001f4dac4d560: 0041 ffd2 | 4883 c420 | 49c7 8798 | 0200 0000 | 0000 0049 | c787 a802 | 0000 0000 | 0000 49c7 
  0x000001f4dac4d580: 87a0 0200 | 0000 0000 | 00c5 f877 | 4981 7f08 | 0000 0000 | 0f84 0500 | 0000 e961 | 39ff ff4c 
  0x000001f4dac4d5a0: 8b6d c04c | 8b75 c8c3 | 488b 5de8 | 4c8b 5b60 | 41ff d348 | 8b5d e848 | 8945 1844 | 8b5b 2841 
  0x000001f4dac4d5c0: f7c3 0800 | 0000 0f84 | 1b00 0000 | 4c8b 5b08 | 4d8b 5b08 | 4d8b 5b18 | 4d8b 5b70 | 4d8b 1b4c 
  0x000001f4dac4d5e0: 895d 1048 | 8d55 1048 | 8b43 5849 | bab0 da9b | c3fe 7f00 | 0049 3bc2 | 0f85 ad00 | 0000 e805 
  0x000001f4dac4d600: 0000 00e9 | 9b00 0000 | 488b d348 | 8d44 2408 | 4c89 6dc0 | 498b cfc5 | f877 4989 | afa8 0200 
  0x000001f4dac4d620: 0049 8987 | 9802 0000 | 4883 ec20 | f7c4 0f00 | 0000 0f84 | 1a00 0000 | 4883 ec08 | 49ba 6049 
  0x000001f4dac4d640: 65c3 fe7f | 0000 41ff | d248 83c4 | 08e9 0d00 | 0000 49ba | 6049 65c3 | fe7f 0000 | 41ff d248 
  0x000001f4dac4d660: 83c4 2049 | c787 9802 | 0000 0000 | 0000 49c7 | 87a8 0200 | 0000 0000 | 0049 c787 | a002 0000 
  0x000001f4dac4d680: 0000 0000 | c5f8 7749 | 817f 0800 | 0000 000f | 8405 0000 | 00e9 6638 | ffff 4c8b | 6dc0 4c8b 
  0x000001f4dac4d6a0: 75c8 c348 | 8b5d e848 | 8b43 5849 | 8d8f b802 | 0000 c5f8 | 7749 89af | a802 0000 | 49ba b2d6 
  0x000001f4dac4d6c0: c4da f401 | 0000 4d89 | 97a0 0200 | 0049 89a7 | 9802 0000 | 41c7 8740 | 0300 0004 | 0000 00ff 
  0x000001f4dac4d6e0: d0c5 f877 | 4883 ec10 | c5fb 1104 | 2448 83ec | 1048 8904 | 2448 c744 | 2408 0000 | 0000 41c7 
  0x000001f4dac4d700: 8740 0300 | 0005 0000 | 00f0 8344 | 24c0 0049 | 3baf 4803 | 0000 0f87 | 1100 0000 | 4181 bf30 
  0x000001f4dac4d720: 0300 0000 | 0000 000f | 8421 0000 | 0049 8bcf | 4c8b e448 | 83ec 2048 | 83e4 f049 | ba90 99ab 
  0x000001f4dac4d740: c3fe 7f00 | 0041 ffd2 | 498b e44d | 33e4 41c7 | 8740 0300 | 0008 0000 | 0049 c787 | 9802 0000 
  0x000001f4dac4d760: 0000 0000 | 49c7 87a8 | 0200 0000 | 0000 0049 | c787 a002 | 0000 0000 | 0000 c5f8 | 774d 8b9f 
  0x000001f4dac4d780: d800 0000 | 41c7 8300 | 0100 0000 | 0000 0049 | bbfb afc4 | daf4 0100 | 004c 3b5d | 180f 85b9 
  0x000001f4dac4d7a0: 0000 0048 | 8b04 2448 | 83c4 1048 | 85c0 0f84 | 9300 0000 | 48f7 c001 | 0000 000f | 8483 0000 
  0x000001f4dac4d7c0: 0048 8b40 | ff41 807f | 3800 0f84 | 6f00 0000 | 4883 f800 | 0f84 6500 | 0000 4d8b | 5f20 4983 
  0x000001f4dac4d7e0: fb00 0f84 | 1400 0000 | 4983 eb08 | 4d89 5f20 | 4d03 5f30 | 4989 03e9 | 4300 0000 | 5049 8bd7 
  0x000001f4dac4d800: 488b c848 | 83ec 20f7 | c40f 0000 | 000f 841a | 0000 0048 | 83ec 0849 | ba70 285a | c3fe 7f00 
  0x000001f4dac4d820: 0041 ffd2 | 4883 c408 | e90d 0000 | 0049 ba70 | 285a c3fe | 7f00 0041 | ffd2 4883 | c420 58e9 
  0x000001f4dac4d840: 0300 0000 | 488b 0048 | 8945 1048 | 83ec 1048 | 8904 2448 | c744 2408 | 0000 0000 | 4181 bfb0 
  0x000001f4dac4d860: 0300 0002 | 0000 000f | 85c0 0000 | 0048 81ec | 8000 0000 | 4889 4424 | 7848 894c | 2470 4889 
  0x000001f4dac4d880: 5424 6848 | 895c 2460 | 4889 6c24 | 5048 8974 | 2448 4889 | 7c24 404c | 8944 2438 | 4c89 4c24 
  0x000001f4dac4d8a0: 304c 8954 | 2428 4c89 | 5c24 204c | 8964 2418 | 4c89 6c24 | 104c 8974 | 2408 4c89 | 3c24 4c8b 
  0x000001f4dac4d8c0: e448 83ec | 2048 83e4 | f049 ba90 | bc9b c3fe | 7f00 0041 | ffd2 498b | e44c 8b3c | 244c 8b74 
  0x000001f4dac4d8e0: 2408 4c8b | 6c24 104c | 8b64 2418 | 4c8b 5c24 | 204c 8b54 | 2428 4c8b | 4c24 304c | 8b44 2438 
  0x000001f4dac4d900: 488b 7c24 | 4048 8b74 | 2448 488b | 6c24 5048 | 8b5c 2460 | 488b 5424 | 6848 8b4c | 2470 488b 
  0x000001f4dac4d920: 4424 7848 | 81c4 8000 | 0000 4d33 | e448 8b5d | e84c 8b6b | 084d 8d6d | 3049 817f | 0800 0000 
  0x000001f4dac4d940: 000f 84be | 0000 00e8 | 0500 0000 | e998 0000 | 0048 8d44 | 2408 4c89 | 6dc0 498b | cfc5 f877 
  0x000001f4dac4d960: 4989 afa8 | 0200 0049 | 8987 9802 | 0000 4883 | ec20 f7c4 | 0f00 0000 | 0f84 1a00 | 0000 4883 
  0x000001f4dac4d980: ec08 49ba | d067 65c3 | fe7f 0000 | 41ff d248 | 83c4 08e9 | 0d00 0000 | 49ba d067 | 65c3 fe7f 
  0x000001f4dac4d9a0: 0000 41ff | d248 83c4 | 2049 c787 | 9802 0000 | 0000 0000 | 49c7 87a8 | 0200 0000 | 0000 0049 
  0x000001f4dac4d9c0: c787 a002 | 0000 0000 | 0000 c5f8 | 7749 817f | 0800 0000 | 000f 8405 | 0000 00e9 | 2035 ffff 
  0x000001f4dac4d9e0: 4c8b 6dc0 | 4c8b 75c8 | c348 b9a0 | e9bf c3fe | 7f00 0048 | 83e4 f049 | ba90 7788 | c3fe 7f00 
  0x000001f4dac4da00: 0041 ffd2 | f444 8b5b | 2841 f7c3 | 2000 0000 | 0f84 3f01 | 0000 488d | 55a8 4c8b | 5a08 4d85 
  0x000001f4dac4da20: db0f 85be | 0000 00e8 | 0500 0000 | e998 0000 | 0048 8d44 | 2408 4c89 | 6dc0 498b | cfc5 f877 
  0x000001f4dac4da40: 4989 afa8 | 0200 0049 | 8987 9802 | 0000 4883 | ec20 f7c4 | 0f00 0000 | 0f84 1a00 | 0000 4883 
  0x000001f4dac4da60: ec08 49ba | f066 65c3 | fe7f 0000 | 41ff d248 | 83c4 08e9 | 0d00 0000 | 49ba f066 | 65c3 fe7f 
  0x000001f4dac4da80: 0000 41ff | d248 83c4 | 2049 c787 | 9802 0000 | 0000 0000 | 49c7 87a8 | 0200 0000 | 0000 0049 
  0x000001f4dac4daa0: c787 a002 | 0000 0000 | 0000 c5f8 | 7749 817f | 0800 0000 | 000f 8405 | 0000 00e9 | 4034 ffff 
  0x000001f4dac4dac0: 4c8b 6dc0 | 4c8b 75c8 | c348 b9a0 | e9bf c3fe | 7f00 0048 | 83e4 f049 | ba90 7788 | c3fe 7f00 
  0x000001f4dac4dae0: 0041 ffd2 | f44c 896d | c048 8d02 | 4c8b 4a08 | 48c7 4208 | 0000 0000 | 4c8b 004d | 85c0 0f84 
  0x000001f4dac4db00: 4d00 0000 | f04d 0fb1 | 010f 8442 | 0000 004c | 894a 0848 | 8bca 4883 | ec20 f7c4 | 0f00 0000 
  0x000001f4dac4db20: 0f84 1a00 | 0000 4883 | ec08 49ba | f038 65c3 | fe7f 0000 | 41ff d248 | 83c4 08e9 | 0d00 0000 
  0x000001f4dac4db40: 49ba f038 | 65c3 fe7f | 0000 41ff | d248 83c4 | 204c 8b6d | c049 baa9 | c6e5 c3fe | 7f00 0041 
  0x000001f4dac4db60: 803a 000f | 8442 0000 | 0048 8b55 | e849 8bcf | 4883 ec20 | f7c4 0f00 | 0000 0f84 | 1a00 0000 
  0x000001f4dac4db80: 4883 ec08 | 49ba 708b | 9bc3 fe7f | 0000 41ff | d248 83c4 | 08e9 0d00 | 0000 49ba | 708b 9bc3 
  0x000001f4dac4dba0: fe7f 0000 | 41ff d248 | 83c4 2048 | 8b04 2448 | 83c4 10c5 | fb10 0424 | 4883 c410 | 4c8b 5d18 
  0x000001f4dac4dbc0: 41ff d34c | 8b5d f8c9 | 5f49 8be3 | ffe7 ba00 | 0000 00e8 | 0500 0000 | e998 0000 | 0048 8d44 
  0x000001f4dac4dbe0: 2408 4c89 | 6dc0 498b | cfc5 f877 | 4989 afa8 | 0200 0049 | 8987 9802 | 0000 4883 | ec20 f7c4 
  0x000001f4dac4dc00: 0f00 0000 | 0f84 1a00 | 0000 4883 | ec08 49ba | 402b 65c3 | fe7f 0000 | 41ff d248 | 83c4 08e9 
  0x000001f4dac4dc20: 0d00 0000 | 49ba 402b | 65c3 fe7f | 0000 41ff | d248 83c4 | 2049 c787 | 9802 0000 | 0000 0000 
  0x000001f4dac4dc40: 49c7 87a8 | 0200 0000 | 0000 0049 | c787 a002 | 0000 0000 | 0000 c5f8 | 7749 817f | 0800 0000 
  0x000001f4dac4dc60: 000f 8405 | 0000 00e9 | 9432 ffff | 4c8b 6dc0 | 4c8b 75c8 | c348 8b5d | e8e9 f7f7 | ffff 6690 
[/MachCode]

---------------  P R O C E S S  ---------------

Threads class SMR info:
_java_thread_list=0x000001f4f03853f0, length=14, elements={
0x000001f4cbbc4730, 0x000001f4e9e845f0, 0x000001f4e9e85b20, 0x000001f4e9e9a280,
0x000001f4e9e9cb60, 0x000001f4e9e9e090, 0x000001f4e9e9f5c0, 0x000001f4e9ea0ed0,
0x000001f4e9eaba80, 0x000001f4e9eb7210, 0x000001f4ee23d9d0, 0x000001f4ee254ba0,
0x000001f4f02fac80, 0x000001f4f0564030
}

Java Threads: ( => current thread )
=>0x000001f4cbbc4730 JavaThread "main" [_thread_in_native, id=11192, stack(0x0000001723300000,0x0000001723400000)]
  0x000001f4e9e845f0 JavaThread "Reference Handler" daemon [_thread_blocked, id=21572, stack(0x0000001723a00000,0x0000001723b00000)]
  0x000001f4e9e85b20 JavaThread "Finalizer" daemon [_thread_blocked, id=23876, stack(0x0000001723b00000,0x0000001723c00000)]
  0x000001f4e9e9a280 JavaThread "Signal Dispatcher" daemon [_thread_blocked, id=6660, stack(0x0000001723c00000,0x0000001723d00000)]
  0x000001f4e9e9cb60 JavaThread "Attach Listener" daemon [_thread_blocked, id=19972, stack(0x0000001723d00000,0x0000001723e00000)]
  0x000001f4e9e9e090 JavaThread "Service Thread" daemon [_thread_blocked, id=10628, stack(0x0000001723e00000,0x0000001723f00000)]
  0x000001f4e9e9f5c0 JavaThread "Monitor Deflation Thread" daemon [_thread_blocked, id=23144, stack(0x0000001723f00000,0x0000001724000000)]
  0x000001f4e9ea0ed0 JavaThread "C2 CompilerThread0" daemon [_thread_blocked, id=19184, stack(0x0000001724000000,0x0000001724100000)]
  0x000001f4e9eaba80 JavaThread "C1 CompilerThread0" daemon [_thread_blocked, id=17380, stack(0x0000001724100000,0x0000001724200000)]
  0x000001f4e9eb7210 JavaThread "Sweeper thread" daemon [_thread_blocked, id=22824, stack(0x0000001724200000,0x0000001724300000)]
  0x000001f4ee23d9d0 JavaThread "Notification Thread" daemon [_thread_blocked, id=24836, stack(0x0000001724300000,0x0000001724400000)]
  0x000001f4ee254ba0 JavaThread "Common-Cleaner" daemon [_thread_blocked, id=3116, stack(0x0000001724500000,0x0000001724600000)]
  0x000001f4f02fac80 JavaThread "Thread-0" daemon [_thread_blocked, id=25408, stack(0x0000001724c00000,0x0000001724d00000)]
  0x000001f4f0564030 JavaThread "LWJGL3 Timer" daemon [_thread_blocked, id=20256, stack(0x0000001724f00000,0x0000001725000000)]

Other Threads:
  0x000001f4e9e7d440 VMThread "VM Thread" [stack: 0x0000001723900000,0x0000001723a00000] [id=24876]
  0x000001f4ee245ec0 WatcherThread [stack: 0x0000001724400000,0x0000001724500000] [id=21276]
  0x000001f4cbc1e680 GCTaskThread "GC Thread#0" [stack: 0x0000001723400000,0x0000001723500000] [id=21072]
  0x000001f4cbc2e150 ConcurrentGCThread "G1 Main Marker" [stack: 0x0000001723500000,0x0000001723600000] [id=7600]
  0x000001f4cbc2f840 ConcurrentGCThread "G1 Conc#0" [stack: 0x0000001723600000,0x0000001723700000] [id=26172]
  0x000001f4e9d3a180 ConcurrentGCThread "G1 Refine#0" [stack: 0x0000001723700000,0x0000001723800000] [id=23100]
  0x000001f4e9d3c870 ConcurrentGCThread "G1 Service" [stack: 0x0000001723800000,0x0000001723900000] [id=24424]

Threads with active compile tasks:

VM state: not at safepoint (normal execution)

VM Mutex/Monitor currently owned by a thread: None

Heap address: 0x000000008a400000, size: 1884 MB, Compressed Oops mode: 32-bit

CDS archive(s) mapped at: [0x000001f480000000-0x000001f480bb0000-0x000001f480bb0000), size 12255232, SharedBaseAddress: 0x000001f480000000, ArchiveRelocationMode: 1.
Compressed class space mapped at: 0x000001f481000000-0x000001f4c1000000, reserved size: 1073741824
Narrow klass base: 0x000001f480000000, Narrow klass shift: 0, Narrow klass range: 0x100000000

GC Precious Log:
 CPUs: 12 total, 12 available
 Memory: 7528M
 Large Page Support: Disabled
 NUMA Support: Disabled
 Compressed Oops: Enabled (32-bit)
 Heap Region Size: 1M
 Heap Min Capacity: 8M
 Heap Initial Capacity: 118M
 Heap Max Capacity: 1884M
 Pre-touch: Disabled
 Parallel Workers: 10
 Concurrent Workers: 3
 Concurrent Refinement Workers: 10
 Periodic GC: Disabled

Heap:
 garbage-first heap   total 120832K, used 30720K [0x000000008a400000, 0x0000000100000000)
  region size 1024K, 23 young (23552K), 0 survivors (0K)
 Metaspace       used 6389K, committed 6592K, reserved 1114112K
  class space    used 469K, committed 576K, reserved 1048576K

Heap Regions: E=young(eden), S=young(survivor), O=old, HS=humongous(starts), HC=humongous(continues), CS=collection set, F=free, OA=open archive, CA=closed archive, TAMS=top-at-mark-start (previous, next)
|   0|0x000000008a400000, 0x000000008a500000, 0x000000008a500000|100%|HS|  |TAMS 0x000000008a400000, 0x000000008a400000| Complete 
|   1|0x000000008a500000, 0x000000008a600000, 0x000000008a600000|100%|HC|  |TAMS 0x000000008a500000, 0x000000008a500000| Complete 
|   2|0x000000008a600000, 0x000000008a700000, 0x000000008a700000|100%|HC|  |TAMS 0x000000008a600000, 0x000000008a600000| Complete 
|   3|0x000000008a700000, 0x000000008a800000, 0x000000008a800000|100%|HC|  |TAMS 0x000000008a700000, 0x000000008a700000| Complete 
|   4|0x000000008a800000, 0x000000008a900000, 0x000000008a900000|100%|HC|  |TAMS 0x000000008a800000, 0x000000008a800000| Complete 
|   5|0x000000008a900000, 0x000000008aa00000, 0x000000008aa00000|100%|HC|  |TAMS 0x000000008a900000, 0x000000008a900000| Complete 
|   6|0x000000008aa00000, 0x000000008ab00000, 0x000000008ab00000|100%|HC|  |TAMS 0x000000008aa00000, 0x000000008aa00000| Complete 
|   7|0x000000008ab00000, 0x000000008ac00000, 0x000000008ac00000|100%|HC|  |TAMS 0x000000008ab00000, 0x000000008ab00000| Complete 
|   8|0x000000008ac00000, 0x000000008ad00000, 0x000000008ad00000|100%|HC|  |TAMS 0x000000008ac00000, 0x000000008ac00000| Complete 
|   9|0x000000008ad00000, 0x000000008ad00000, 0x000000008ae00000|  0%| F|  |TAMS 0x000000008ad00000, 0x000000008ad00000| Untracked 
|  10|0x000000008ae00000, 0x000000008ae00000, 0x000000008af00000|  0%| F|  |TAMS 0x000000008ae00000, 0x000000008ae00000| Untracked 
|  11|0x000000008af00000, 0x000000008af00000, 0x000000008b000000|  0%| F|  |TAMS 0x000000008af00000, 0x000000008af00000| Untracked 
|  12|0x000000008b000000, 0x000000008b000000, 0x000000008b100000|  0%| F|  |TAMS 0x000000008b000000, 0x000000008b000000| Untracked 
|  13|0x000000008b100000, 0x000000008b100000, 0x000000008b200000|  0%| F|  |TAMS 0x000000008b100000, 0x000000008b100000| Untracked 
|  14|0x000000008b200000, 0x000000008b200000, 0x000000008b300000|  0%| F|  |TAMS 0x000000008b200000, 0x000000008b200000| Untracked 
|  15|0x000000008b300000, 0x000000008b300000, 0x000000008b400000|  0%| F|  |TAMS 0x000000008b300000, 0x000000008b300000| Untracked 
|  16|0x000000008b400000, 0x000000008b400000, 0x000000008b500000|  0%| F|  |TAMS 0x000000008b400000, 0x000000008b400000| Untracked 
|  17|0x000000008b500000, 0x000000008b500000, 0x000000008b600000|  0%| F|  |TAMS 0x000000008b500000, 0x000000008b500000| Untracked 
|  18|0x000000008b600000, 0x000000008b600000, 0x000000008b700000|  0%| F|  |TAMS 0x000000008b600000, 0x000000008b600000| Untracked 
|  19|0x000000008b700000, 0x000000008b700000, 0x000000008b800000|  0%| F|  |TAMS 0x000000008b700000, 0x000000008b700000| Untracked 
|  20|0x000000008b800000, 0x000000008b800000, 0x000000008b900000|  0%| F|  |TAMS 0x000000008b800000, 0x000000008b800000| Untracked 
|  21|0x000000008b900000, 0x000000008b900000, 0x000000008ba00000|  0%| F|  |TAMS 0x000000008b900000, 0x000000008b900000| Untracked 
|  22|0x000000008ba00000, 0x000000008ba00000, 0x000000008bb00000|  0%| F|  |TAMS 0x000000008ba00000, 0x000000008ba00000| Untracked 
|  23|0x000000008bb00000, 0x000000008bb00000, 0x000000008bc00000|  0%| F|  |TAMS 0x000000008bb00000, 0x000000008bb00000| Untracked 
|  24|0x000000008bc00000, 0x000000008bc00000, 0x000000008bd00000|  0%| F|  |TAMS 0x000000008bc00000, 0x000000008bc00000| Untracked 
|  25|0x000000008bd00000, 0x000000008bd00000, 0x000000008be00000|  0%| F|  |TAMS 0x000000008bd00000, 0x000000008bd00000| Untracked 
|  26|0x000000008be00000, 0x000000008be00000, 0x000000008bf00000|  0%| F|  |TAMS 0x000000008be00000, 0x000000008be00000| Untracked 
|  27|0x000000008bf00000, 0x000000008bf00000, 0x000000008c000000|  0%| F|  |TAMS 0x000000008bf00000, 0x000000008bf00000| Untracked 
|  28|0x000000008c000000, 0x000000008c000000, 0x000000008c100000|  0%| F|  |TAMS 0x000000008c000000, 0x000000008c000000| Untracked 
|  29|0x000000008c100000, 0x000000008c100000, 0x000000008c200000|  0%| F|  |TAMS 0x000000008c100000, 0x000000008c100000| Untracked 
|  30|0x000000008c200000, 0x000000008c200000, 0x000000008c300000|  0%| F|  |TAMS 0x000000008c200000, 0x000000008c200000| Untracked 
|  31|0x000000008c300000, 0x000000008c300000, 0x000000008c400000|  0%| F|  |TAMS 0x000000008c300000, 0x000000008c300000| Untracked 
|  32|0x000000008c400000, 0x000000008c400000, 0x000000008c500000|  0%| F|  |TAMS 0x000000008c400000, 0x000000008c400000| Untracked 
|  33|0x000000008c500000, 0x000000008c500000, 0x000000008c600000|  0%| F|  |TAMS 0x000000008c500000, 0x000000008c500000| Untracked 
|  34|0x000000008c600000, 0x000000008c600000, 0x000000008c700000|  0%| F|  |TAMS 0x000000008c600000, 0x000000008c600000| Untracked 
|  35|0x000000008c700000, 0x000000008c700000, 0x000000008c800000|  0%| F|  |TAMS 0x000000008c700000, 0x000000008c700000| Untracked 
|  36|0x000000008c800000, 0x000000008c800000, 0x000000008c900000|  0%| F|  |TAMS 0x000000008c800000, 0x000000008c800000| Untracked 
|  37|0x000000008c900000, 0x000000008c900000, 0x000000008ca00000|  0%| F|  |TAMS 0x000000008c900000, 0x000000008c900000| Untracked 
|  38|0x000000008ca00000, 0x000000008ca00000, 0x000000008cb00000|  0%| F|  |TAMS 0x000000008ca00000, 0x000000008ca00000| Untracked 
|  39|0x000000008cb00000, 0x000000008cb00000, 0x000000008cc00000|  0%| F|  |TAMS 0x000000008cb00000, 0x000000008cb00000| Untracked 
|  40|0x000000008cc00000, 0x000000008cc00000, 0x000000008cd00000|  0%| F|  |TAMS 0x000000008cc00000, 0x000000008cc00000| Untracked 
|  41|0x000000008cd00000, 0x000000008cd00000, 0x000000008ce00000|  0%| F|  |TAMS 0x000000008cd00000, 0x000000008cd00000| Untracked 
|  42|0x000000008ce00000, 0x000000008ce00000, 0x000000008cf00000|  0%| F|  |TAMS 0x000000008ce00000, 0x000000008ce00000| Untracked 
|  43|0x000000008cf00000, 0x000000008cf00000, 0x000000008d000000|  0%| F|  |TAMS 0x000000008cf00000, 0x000000008cf00000| Untracked 
|  44|0x000000008d000000, 0x000000008d000000, 0x000000008d100000|  0%| F|  |TAMS 0x000000008d000000, 0x000000008d000000| Untracked 
|  45|0x000000008d100000, 0x000000008d100000, 0x000000008d200000|  0%| F|  |TAMS 0x000000008d100000, 0x000000008d100000| Untracked 
|  46|0x000000008d200000, 0x000000008d200000, 0x000000008d300000|  0%| F|  |TAMS 0x000000008d200000, 0x000000008d200000| Untracked 
|  47|0x000000008d300000, 0x000000008d300000, 0x000000008d400000|  0%| F|  |TAMS 0x000000008d300000, 0x000000008d300000| Untracked 
|  48|0x000000008d400000, 0x000000008d400000, 0x000000008d500000|  0%| F|  |TAMS 0x000000008d400000, 0x000000008d400000| Untracked 
|  49|0x000000008d500000, 0x000000008d500000, 0x000000008d600000|  0%| F|  |TAMS 0x000000008d500000, 0x000000008d500000| Untracked 
|  50|0x000000008d600000, 0x000000008d600000, 0x000000008d700000|  0%| F|  |TAMS 0x000000008d600000, 0x000000008d600000| Untracked 
|  51|0x000000008d700000, 0x000000008d700000, 0x000000008d800000|  0%| F|  |TAMS 0x000000008d700000, 0x000000008d700000| Untracked 
|  52|0x000000008d800000, 0x000000008d800000, 0x000000008d900000|  0%| F|  |TAMS 0x000000008d800000, 0x000000008d800000| Untracked 
|  53|0x000000008d900000, 0x000000008d900000, 0x000000008da00000|  0%| F|  |TAMS 0x000000008d900000, 0x000000008d900000| Untracked 
|  54|0x000000008da00000, 0x000000008da00000, 0x000000008db00000|  0%| F|  |TAMS 0x000000008da00000, 0x000000008da00000| Untracked 
|  55|0x000000008db00000, 0x000000008db00000, 0x000000008dc00000|  0%| F|  |TAMS 0x000000008db00000, 0x000000008db00000| Untracked 
|  56|0x000000008dc00000, 0x000000008dc00000, 0x000000008dd00000|  0%| F|  |TAMS 0x000000008dc00000, 0x000000008dc00000| Untracked 
|  57|0x000000008dd00000, 0x000000008dd00000, 0x000000008de00000|  0%| F|  |TAMS 0x000000008dd00000, 0x000000008dd00000| Untracked 
|  58|0x000000008de00000, 0x000000008de00000, 0x000000008df00000|  0%| F|  |TAMS 0x000000008de00000, 0x000000008de00000| Untracked 
|  59|0x000000008df00000, 0x000000008df00000, 0x000000008e000000|  0%| F|  |TAMS 0x000000008df00000, 0x000000008df00000| Untracked 
|  60|0x000000008e000000, 0x000000008e000000, 0x000000008e100000|  0%| F|  |TAMS 0x000000008e000000, 0x000000008e000000| Untracked 
|  61|0x000000008e100000, 0x000000008e100000, 0x000000008e200000|  0%| F|  |TAMS 0x000000008e100000, 0x000000008e100000| Untracked 
|  62|0x000000008e200000, 0x000000008e200000, 0x000000008e300000|  0%| F|  |TAMS 0x000000008e200000, 0x000000008e200000| Untracked 
|  63|0x000000008e300000, 0x000000008e300000, 0x000000008e400000|  0%| F|  |TAMS 0x000000008e300000, 0x000000008e300000| Untracked 
|  64|0x000000008e400000, 0x000000008e400000, 0x000000008e500000|  0%| F|  |TAMS 0x000000008e400000, 0x000000008e400000| Untracked 
|  65|0x000000008e500000, 0x000000008e500000, 0x000000008e600000|  0%| F|  |TAMS 0x000000008e500000, 0x000000008e500000| Untracked 
|  66|0x000000008e600000, 0x000000008e600000, 0x000000008e700000|  0%| F|  |TAMS 0x000000008e600000, 0x000000008e600000| Untracked 
|  67|0x000000008e700000, 0x000000008e700000, 0x000000008e800000|  0%| F|  |TAMS 0x000000008e700000, 0x000000008e700000| Untracked 
|  68|0x000000008e800000, 0x000000008e800000, 0x000000008e900000|  0%| F|  |TAMS 0x000000008e800000, 0x000000008e800000| Untracked 
|  69|0x000000008e900000, 0x000000008e900000, 0x000000008ea00000|  0%| F|  |TAMS 0x000000008e900000, 0x000000008e900000| Untracked 
|  70|0x000000008ea00000, 0x000000008ea00000, 0x000000008eb00000|  0%| F|  |TAMS 0x000000008ea00000, 0x000000008ea00000| Untracked 
|  71|0x000000008eb00000, 0x000000008eb00000, 0x000000008ec00000|  0%| F|  |TAMS 0x000000008eb00000, 0x000000008eb00000| Untracked 
|  72|0x000000008ec00000, 0x000000008ec00000, 0x000000008ed00000|  0%| F|  |TAMS 0x000000008ec00000, 0x000000008ec00000| Untracked 
|  73|0x000000008ed00000, 0x000000008ed00000, 0x000000008ee00000|  0%| F|  |TAMS 0x000000008ed00000, 0x000000008ed00000| Untracked 
|  74|0x000000008ee00000, 0x000000008ee00000, 0x000000008ef00000|  0%| F|  |TAMS 0x000000008ee00000, 0x000000008ee00000| Untracked 
|  75|0x000000008ef00000, 0x000000008ef00000, 0x000000008f000000|  0%| F|  |TAMS 0x000000008ef00000, 0x000000008ef00000| Untracked 
|  76|0x000000008f000000, 0x000000008f000000, 0x000000008f100000|  0%| F|  |TAMS 0x000000008f000000, 0x000000008f000000| Untracked 
|  77|0x000000008f100000, 0x000000008f100000, 0x000000008f200000|  0%| F|  |TAMS 0x000000008f100000, 0x000000008f100000| Untracked 
|  78|0x000000008f200000, 0x000000008f200000, 0x000000008f300000|  0%| F|  |TAMS 0x000000008f200000, 0x000000008f200000| Untracked 
|  79|0x000000008f300000, 0x000000008f300000, 0x000000008f400000|  0%| F|  |TAMS 0x000000008f300000, 0x000000008f300000| Untracked 
|  80|0x000000008f400000, 0x000000008f400000, 0x000000008f500000|  0%| F|  |TAMS 0x000000008f400000, 0x000000008f400000| Untracked 
|  81|0x000000008f500000, 0x000000008f500000, 0x000000008f600000|  0%| F|  |TAMS 0x000000008f500000, 0x000000008f500000| Untracked 
|  82|0x000000008f600000, 0x000000008f600000, 0x000000008f700000|  0%| F|  |TAMS 0x000000008f600000, 0x000000008f600000| Untracked 
|  83|0x000000008f700000, 0x000000008f700000, 0x000000008f800000|  0%| F|  |TAMS 0x000000008f700000, 0x000000008f700000| Untracked 
|  84|0x000000008f800000, 0x000000008f800000, 0x000000008f900000|  0%| F|  |TAMS 0x000000008f800000, 0x000000008f800000| Untracked 
|  85|0x000000008f900000, 0x000000008f900000, 0x000000008fa00000|  0%| F|  |TAMS 0x000000008f900000, 0x000000008f900000| Untracked 
|  86|0x000000008fa00000, 0x000000008fa00000, 0x000000008fb00000|  0%| F|  |TAMS 0x000000008fa00000, 0x000000008fa00000| Untracked 
|  87|0x000000008fb00000, 0x000000008fb00000, 0x000000008fc00000|  0%| F|  |TAMS 0x000000008fb00000, 0x000000008fb00000| Untracked 
|  88|0x000000008fc00000, 0x000000008fc00000, 0x000000008fd00000|  0%| F|  |TAMS 0x000000008fc00000, 0x000000008fc00000| Untracked 
|  89|0x000000008fd00000, 0x000000008fd00000, 0x000000008fe00000|  0%| F|  |TAMS 0x000000008fd00000, 0x000000008fd00000| Untracked 
|  90|0x000000008fe00000, 0x000000008fe00000, 0x000000008ff00000|  0%| F|  |TAMS 0x000000008fe00000, 0x000000008fe00000| Untracked 
|  91|0x000000008ff00000, 0x000000008ff00000, 0x0000000090000000|  0%| F|  |TAMS 0x000000008ff00000, 0x000000008ff00000| Untracked 
|  92|0x0000000090000000, 0x0000000090000000, 0x0000000090100000|  0%| F|  |TAMS 0x0000000090000000, 0x0000000090000000| Untracked 
|  93|0x0000000090100000, 0x0000000090100000, 0x0000000090200000|  0%| F|  |TAMS 0x0000000090100000, 0x0000000090100000| Untracked 
|  94|0x0000000090200000, 0x0000000090200000, 0x0000000090300000|  0%| F|  |TAMS 0x0000000090200000, 0x0000000090200000| Untracked 
|  95|0x0000000090300000, 0x0000000090375c60, 0x0000000090400000| 46%| E|  |TAMS 0x0000000090300000, 0x0000000090300000| Complete 
|  96|0x0000000090400000, 0x0000000090500000, 0x0000000090500000|100%| E|CS|TAMS 0x0000000090400000, 0x0000000090400000| Complete 
|  97|0x0000000090500000, 0x0000000090600000, 0x0000000090600000|100%| E|CS|TAMS 0x0000000090500000, 0x0000000090500000| Complete 
|  98|0x0000000090600000, 0x0000000090700000, 0x0000000090700000|100%| E|  |TAMS 0x0000000090600000, 0x0000000090600000| Complete 
|  99|0x0000000090700000, 0x0000000090800000, 0x0000000090800000|100%| E|CS|TAMS 0x0000000090700000, 0x0000000090700000| Complete 
| 100|0x0000000090800000, 0x0000000090900000, 0x0000000090900000|100%| E|CS|TAMS 0x0000000090800000, 0x0000000090800000| Complete 
| 101|0x0000000090900000, 0x0000000090a00000, 0x0000000090a00000|100%| E|CS|TAMS 0x0000000090900000, 0x0000000090900000| Complete 
| 102|0x0000000090a00000, 0x0000000090b00000, 0x0000000090b00000|100%| E|CS|TAMS 0x0000000090a00000, 0x0000000090a00000| Complete 
| 103|0x0000000090b00000, 0x0000000090c00000, 0x0000000090c00000|100%| E|CS|TAMS 0x0000000090b00000, 0x0000000090b00000| Complete 
| 104|0x0000000090c00000, 0x0000000090d00000, 0x0000000090d00000|100%| E|CS|TAMS 0x0000000090c00000, 0x0000000090c00000| Complete 
| 105|0x0000000090d00000, 0x0000000090e00000, 0x0000000090e00000|100%| E|CS|TAMS 0x0000000090d00000, 0x0000000090d00000| Complete 
| 106|0x0000000090e00000, 0x0000000090f00000, 0x0000000090f00000|100%| E|CS|TAMS 0x0000000090e00000, 0x0000000090e00000| Complete 
| 107|0x0000000090f00000, 0x0000000091000000, 0x0000000091000000|100%| E|CS|TAMS 0x0000000090f00000, 0x0000000090f00000| Complete 
| 108|0x0000000091000000, 0x0000000091100000, 0x0000000091100000|100%| E|CS|TAMS 0x0000000091000000, 0x0000000091000000| Complete 
| 109|0x0000000091100000, 0x0000000091200000, 0x0000000091200000|100%| E|CS|TAMS 0x0000000091100000, 0x0000000091100000| Complete 
| 110|0x0000000091200000, 0x0000000091300000, 0x0000000091300000|100%| E|CS|TAMS 0x0000000091200000, 0x0000000091200000| Complete 
| 111|0x0000000091300000, 0x0000000091400000, 0x0000000091400000|100%| E|CS|TAMS 0x0000000091300000, 0x0000000091300000| Complete 
| 112|0x0000000091400000, 0x0000000091500000, 0x0000000091500000|100%| E|CS|TAMS 0x0000000091400000, 0x0000000091400000| Complete 
| 113|0x0000000091500000, 0x0000000091600000, 0x0000000091600000|100%| E|CS|TAMS 0x0000000091500000, 0x0000000091500000| Complete 
| 114|0x0000000091600000, 0x0000000091700000, 0x0000000091700000|100%| E|CS|TAMS 0x0000000091600000, 0x0000000091600000| Complete 
| 115|0x0000000091700000, 0x0000000091800000, 0x0000000091800000|100%| E|CS|TAMS 0x0000000091700000, 0x0000000091700000| Complete 
| 116|0x0000000091800000, 0x0000000091900000, 0x0000000091900000|100%| E|CS|TAMS 0x0000000091800000, 0x0000000091800000| Complete 
| 117|0x0000000091900000, 0x0000000091a00000, 0x0000000091a00000|100%| E|CS|TAMS 0x0000000091900000, 0x0000000091900000| Complete 

Card table byte_map: [0x000001f4e3010000,0x000001f4e33c0000] _byte_map_base: 0x000001f4e2bbe000

Marking Bits (Prev, Next): (CMBitMap*) 0x000001f4cbc1eca0, (CMBitMap*) 0x000001f4cbc1ece0
 Prev Bits: [0x000001f4e3770000, 0x000001f4e54e0000)
 Next Bits: [0x000001f4e54e0000, 0x000001f4e7250000)

Polling page: 0x000001f4c9a40000

Metaspace:

Usage:
  Non-class:      5.78 MB used.
      Class:    469.51 KB used.
       Both:      6.24 MB used.

Virtual space:
  Non-class space:       64.00 MB reserved,       5.88 MB (  9%) committed,  1 nodes.
      Class space:        1.00 GB reserved,     576.00 KB ( <1%) committed,  1 nodes.
             Both:        1.06 GB reserved,       6.44 MB ( <1%) committed. 

Chunk freelists:
   Non-Class:  8.30 MB
       Class:  15.43 MB
        Both:  23.73 MB

MaxMetaspaceSize: unlimited
CompressedClassSpaceSize: 1.00 GB
Initial GC threshold: 21.00 MB
Current GC threshold: 21.00 MB
CDS: on
MetaspaceReclaimPolicy: balanced
 - commit_granule_bytes: 65536.
 - commit_granule_words: 8192.
 - virtual_space_node_default_size: 8388608.
 - enlarge_chunks_in_place: 1.
 - new_chunks_are_fully_committed: 0.
 - uncommit_free_chunks: 1.
 - use_allocation_guard: 0.
 - handle_deallocations: 1.


Internal statistics:

num_allocs_failed_limit: 0.
num_arena_births: 70.
num_arena_deaths: 0.
num_vsnodes_births: 2.
num_vsnodes_deaths: 0.
num_space_committed: 103.
num_space_uncommitted: 0.
num_chunks_returned_to_freelist: 0.
num_chunks_taken_from_freelist: 242.
num_chunk_merges: 0.
num_chunk_splits: 169.
num_chunks_enlarged: 138.
num_inconsistent_stats: 0.

CodeHeap 'non-profiled nmethods': size=120000Kb used=555Kb max_used=555Kb free=119444Kb
 bounds [0x000001f4db1e0000, 0x000001f4db450000, 0x000001f4e2710000]
CodeHeap 'profiled nmethods': size=120000Kb used=2522Kb max_used=2522Kb free=117477Kb
 bounds [0x000001f4d3710000, 0x000001f4d3990000, 0x000001f4dac40000]
CodeHeap 'non-nmethods': size=5760Kb used=1648Kb max_used=1669Kb free=4111Kb
 bounds [0x000001f4dac40000, 0x000001f4daeb0000, 0x000001f4db1e0000]
 total_blobs=2538 nmethods=1445 adapters=1006
 compilation: enabled
              stopped_count=0, restarted_count=0
 full_count=0

Compilation events (20 events):
Event: 6.292 Thread 0x000001f4e9eaba80 1441       3       java.util.Formatter$FormatSpecifier::printInteger (131 bytes)
Event: 6.292 Thread 0x000001f4e9eaba80 nmethod 1441 0x000001f4d397ab10 code [0x000001f4d397adc0, 0x000001f4d397be68]
Event: 6.292 Thread 0x000001f4e9eaba80 1442       3       java.util.Formatter$FormatSpecifier::print (59 bytes)
Event: 6.292 Thread 0x000001f4e9eaba80 nmethod 1442 0x000001f4d397c190 code [0x000001f4d397c340, 0x000001f4d397c548]
Event: 6.292 Thread 0x000001f4e9eaba80 1443       3       java.util.Formatter$FormatSpecifier::print (409 bytes)
Event: 6.295 Thread 0x000001f4e9eaba80 nmethod 1443 0x000001f4d397c610 code [0x000001f4d397cb80, 0x000001f4d397fc18]
Event: 6.295 Thread 0x000001f4e9eaba80 1429       3       com.snakeinfinite.game.pantallas.PantallaJuego::dibujar (108 bytes)
Event: 6.295 Thread 0x000001f4e9eaba80 nmethod 1429 0x000001f4d3980c90 code [0x000001f4d3980f60, 0x000001f4d39817d8]
Event: 6.295 Thread 0x000001f4e9eaba80 1430       3       com.snakeinfinite.game.pantallas.PantallaJuego::dibujarManzana (122 bytes)
Event: 6.296 Thread 0x000001f4e9eaba80 nmethod 1430 0x000001f4d3981d10 code [0x000001f4d3981fc0, 0x000001f4d3982518]
Event: 6.296 Thread 0x000001f4e9eaba80 1431       3       com.badlogic.gdx.graphics.glutils.ShapeRenderer::setColor (14 bytes)
Event: 6.296 Thread 0x000001f4e9eaba80 nmethod 1431 0x000001f4d3982890 code [0x000001f4d3982a40, 0x000001f4d3982c28]
Event: 6.296 Thread 0x000001f4e9eaba80 1432       3       com.badlogic.gdx.graphics.Color::set (26 bytes)
Event: 6.296 Thread 0x000001f4e9eaba80 nmethod 1432 0x000001f4d3982d10 code [0x000001f4d3982ec0, 0x000001f4d3983028]
Event: 6.296 Thread 0x000001f4e9eaba80 1433       3       com.snakeinfinite.game.pantallas.PantallaJuego::dibujarHUD (298 bytes)
Event: 6.298 Thread 0x000001f4e9eaba80 nmethod 1433 0x000001f4d3983110 code [0x000001f4d39836e0, 0x000001f4d3985908]
Event: 6.298 Thread 0x000001f4e9eaba80 1444       3       java.lang.StringUTF16$CharsSpliterator::<init> (36 bytes)
Event: 6.298 Thread 0x000001f4e9eaba80 nmethod 1444 0x000001f4d3986710 code [0x000001f4d39868a0, 0x000001f4d3986a78]
Event: 6.481 Thread 0x000001f4e9ea0ed0 1445       4       java.lang.AbstractStringBuilder::append (55 bytes)
Event: 6.491 Thread 0x000001f4e9ea0ed0 nmethod 1445 0x000001f4db26a190 code [0x000001f4db26a340, 0x000001f4db26aae8]

GC Heap History (0 events):
No events

Dll operation events (12 events):
Event: 0.011 Loaded shared library C:\Users\Joaqu\.gradle\jdks\eclipse_adoptium-17-amd64-windows.2\bin\java.dll
Event: 0.032 Loaded shared library C:\Users\Joaqu\.gradle\jdks\eclipse_adoptium-17-amd64-windows.2\bin\jsvml.dll
Event: 0.135 Loaded shared library C:\Users\Joaqu\.gradle\jdks\eclipse_adoptium-17-amd64-windows.2\bin\net.dll
Event: 0.137 Loaded shared library C:\Users\Joaqu\.gradle\jdks\eclipse_adoptium-17-amd64-windows.2\bin\nio.dll
Event: 0.140 Loaded shared library C:\Users\Joaqu\.gradle\jdks\eclipse_adoptium-17-amd64-windows.2\bin\zip.dll
Event: 0.219 Loaded shared library C:\Users\Joaqu\.gradle\jdks\eclipse_adoptium-17-amd64-windows.2\bin\jimage.dll
Event: 0.227 Loaded shared library C:\ProgramData\libGDX-temp\libgdxUser_71744192_GDX1_12_1\2a9d7f76\gdx64.dll
Event: 0.336 Loaded shared library C:\Users\Joaqu\AppData\Local\Temp\lwjgl_Joaqu\3.3.3+5\x64\lwjgl.dll
Event: 0.553 Loaded shared library C:\Users\Joaqu\AppData\Local\Temp\libgdxJoaqu\9b0d1e9db1460d7d\libEGL.dll
Event: 0.561 Loaded shared library C:\Users\Joaqu\AppData\Local\Temp\libgdxJoaqu\9b0d1e9db1460d7d\libGLESv2.dll
Event: 1.386 Loaded shared library C:\Users\Joaqu\AppData\Local\Temp\lwjgl_Joaqu\3.3.3+5\x64\lwjgl_opengles.dll
Event: 1.502 Loaded shared library C:\Users\Joaqu\AppData\Local\Temp\lwjgl_Joaqu\3.3.3+5\x64\lwjgl_opengl.dll

Deoptimization events (20 events):
Event: 0.445 Thread 0x000001f4cbbc4730 DEOPT PACKING pc=0x000001f4d37df039 sp=0x00000017233fbf20
Event: 0.445 Thread 0x000001f4cbbc4730 DEOPT UNPACKING pc=0x000001f4dac97143 sp=0x00000017233fb398 mode 0
Event: 1.594 Thread 0x000001f4cbbc4730 Uncommon trap: trap_request=0xffffff45 fr.pc=0x000001f4db1f4894 relative=0x0000000000000d14
Event: 1.594 Thread 0x000001f4cbbc4730 Uncommon trap: reason=unstable_if action=reinterpret pc=0x000001f4db1f4894 method=java.io.BufferedReader.readLine(Z[Z)Ljava/lang/String; @ 161 c2
Event: 1.594 Thread 0x000001f4cbbc4730 DEOPT PACKING pc=0x000001f4db1f4894 sp=0x00000017233fef70
Event: 1.594 Thread 0x000001f4cbbc4730 DEOPT UNPACKING pc=0x000001f4dac969a3 sp=0x00000017233fef08 mode 2
Event: 3.089 Thread 0x000001f4cbbc4730 Uncommon trap: trap_request=0xffffff45 fr.pc=0x000001f4db24a1ac relative=0x0000000000002aac
Event: 3.089 Thread 0x000001f4cbbc4730 Uncommon trap: reason=unstable_if action=reinterpret pc=0x000001f4db24a1ac method=com.badlogic.gdx.utils.Pool.obtain()Ljava/lang/Object; @ 7 c2
Event: 3.089 Thread 0x000001f4cbbc4730 DEOPT PACKING pc=0x000001f4db24a1ac sp=0x00000017233fefd0
Event: 3.089 Thread 0x000001f4cbbc4730 DEOPT UNPACKING pc=0x000001f4dac969a3 sp=0x00000017233feec8 mode 2
Event: 3.095 Thread 0x000001f4cbbc4730 Uncommon trap: trap_request=0xffffff45 fr.pc=0x000001f4db23f348 relative=0x0000000000000228
Event: 3.095 Thread 0x000001f4cbbc4730 Uncommon trap: reason=unstable_if action=reinterpret pc=0x000001f4db23f348 method=java.util.StringTokenizer.skipDelimiters(I)I @ 29 c2
Event: 3.095 Thread 0x000001f4cbbc4730 DEOPT PACKING pc=0x000001f4db23f348 sp=0x00000017233fe790
Event: 3.095 Thread 0x000001f4cbbc4730 DEOPT UNPACKING pc=0x000001f4dac969a3 sp=0x00000017233fe718 mode 2
Event: 3.103 Thread 0x000001f4cbbc4730 Uncommon trap: trap_request=0xffffff45 fr.pc=0x000001f4db2385c8 relative=0x0000000000000048
Event: 3.103 Thread 0x000001f4cbbc4730 Uncommon trap: reason=unstable_if action=reinterpret pc=0x000001f4db2385c8 method=java.lang.CharacterData.of(I)Ljava/lang/CharacterData; @ 4 c2
Event: 3.103 Thread 0x000001f4cbbc4730 DEOPT PACKING pc=0x000001f4db2385c8 sp=0x00000017233fe5a0
Event: 3.103 Thread 0x000001f4cbbc4730 DEOPT UNPACKING pc=0x000001f4dac969a3 sp=0x00000017233fe540 mode 2
Event: 3.907 Thread 0x000001f4cbbc4730 DEOPT PACKING pc=0x000001f4d3920896 sp=0x00000017233ff2c0
Event: 3.907 Thread 0x000001f4cbbc4730 DEOPT UNPACKING pc=0x000001f4dac97143 sp=0x00000017233fe7a8 mode 0

Classes loaded (20 events):
Event: 1.619 Loading class java/lang/StringIndexOutOfBoundsException
Event: 1.619 Loading class java/lang/StringIndexOutOfBoundsException done
Event: 3.084 Loading class jdk/internal/math/FDBigInteger
Event: 3.084 Loading class jdk/internal/math/FDBigInteger done
Event: 3.090 Loading class java/util/Formatter$FixedString
Event: 3.091 Loading class java/util/Formatter$FixedString done
Event: 3.093 Loading class jdk/internal/module/ModulePatcher$PatchedModuleReader
Event: 3.093 Loading class jdk/internal/module/ModulePatcher$PatchedModuleReader done
Event: 3.094 Loading class sun/net/www/protocol/jrt/Handler
Event: 3.094 Loading class sun/net/www/protocol/jrt/Handler done
Event: 3.096 Loading class sun/util/resources/LocaleData$CommonResourceBundleProvider
Event: 3.096 Loading class sun/util/resources/LocaleData$LocaleDataResourceBundleProvider
Event: 3.096 Loading class java/util/spi/ResourceBundleProvider
Event: 3.096 Loading class java/util/spi/ResourceBundleProvider done
Event: 3.096 Loading class sun/util/resources/LocaleData$LocaleDataResourceBundleProvider done
Event: 3.096 Loading class sun/util/resources/LocaleData$CommonResourceBundleProvider done
Event: 3.097 Loading class java/util/ArrayList$SubList$1
Event: 3.097 Loading class java/util/ArrayList$SubList$1 done
Event: 3.098 Loading class sun/util/resources/Bundles$2
Event: 3.098 Loading class sun/util/resources/Bundles$2 done

Classes unloaded (0 events):
No events

Classes redefined (0 events):
No events

Internal exceptions (20 events):
Event: 0.406 Thread 0x000001f4cbbc4730 Exception <a 'java/lang/NoSuchMethodError'{0x00000000911ae5e8}: 'java.lang.Object java.lang.invoke.Invokers$Holder.linkToTargetMethod(java.lang.Object, long, java.lang.Object)'> (0x00000000911ae5e8) 
thrown [s\src\hotspot\share\interpreter\linkResolver.cpp, line 759]
Event: 0.407 Thread 0x000001f4cbbc4730 Exception <a 'java/lang/NoSuchMethodError'{0x00000000911b5d68}: 'int java.lang.invoke.DirectMethodHandle$Holder.invokeStaticInit(java.lang.Object, java.lang.Object, java.lang.Object, long)'> (0x00000000911b5d68) 
thrown [s\src\hotspot\share\interpreter\linkResolver.cpp, line 759]
Event: 0.431 Thread 0x000001f4cbbc4730 Exception <a 'sun/nio/fs/WindowsException'{0x00000000910786e8}> (0x00000000910786e8) 
thrown [s\src\hotspot\share\prims\jni.cpp, line 516]
Event: 0.431 Thread 0x000001f4cbbc4730 Exception <a 'sun/nio/fs/WindowsException'{0x0000000091078a78}> (0x0000000091078a78) 
thrown [s\src\hotspot\share\prims\jni.cpp, line 516]
Event: 0.469 Thread 0x000001f4cbbc4730 Exception <a 'sun/nio/fs/WindowsException'{0x0000000090f43ab8}> (0x0000000090f43ab8) 
thrown [s\src\hotspot\share\prims\jni.cpp, line 516]
Event: 0.469 Thread 0x000001f4cbbc4730 Exception <a 'sun/nio/fs/WindowsException'{0x0000000090f43e18}> (0x0000000090f43e18) 
thrown [s\src\hotspot\share\prims\jni.cpp, line 516]
Event: 0.588 Thread 0x000001f4cbbc4730 Exception <a 'sun/nio/fs/WindowsException'{0x0000000090e2c9b0}> (0x0000000090e2c9b0) 
thrown [s\src\hotspot\share\prims\jni.cpp, line 516]
Event: 0.588 Thread 0x000001f4cbbc4730 Exception <a 'sun/nio/fs/WindowsException'{0x0000000090e2cd30}> (0x0000000090e2cd30) 
thrown [s\src\hotspot\share\prims\jni.cpp, line 516]
Event: 1.241 Thread 0x000001f4cbbc4730 Exception <a 'java/lang/NoSuchMethodError'{0x0000000090e7ce80}: 'java.lang.Object java.lang.invoke.DirectMethodHandle$Holder.newInvokeSpecial(java.lang.Object, long)'> (0x0000000090e7ce80) 
thrown [s\src\hotspot\share\interpreter\linkResolver.cpp, line 759]
Event: 1.372 Thread 0x000001f4cbbc4730 Exception <a 'java/lang/NoSuchMethodError'{0x0000000090c5d5f0}: 'void java.lang.invoke.DirectMethodHandle$Holder.invokeStatic(java.lang.Object, long)'> (0x0000000090c5d5f0) 
thrown [s\src\hotspot\share\interpreter\linkResolver.cpp, line 759]
Event: 1.384 Thread 0x000001f4cbbc4730 Exception <a 'sun/nio/fs/WindowsException'{0x0000000090c98fb0}> (0x0000000090c98fb0) 
thrown [s\src\hotspot\share\prims\jni.cpp, line 516]
Event: 1.384 Thread 0x000001f4cbbc4730 Exception <a 'sun/nio/fs/WindowsException'{0x0000000090c99368}> (0x0000000090c99368) 
thrown [s\src\hotspot\share\prims\jni.cpp, line 516]
Event: 1.389 Thread 0x000001f4cbbc4730 Exception <a 'sun/nio/fs/WindowsException'{0x0000000090cac7a0}> (0x0000000090cac7a0) 
thrown [s\src\hotspot\share\prims\jni.cpp, line 516]
Event: 1.389 Thread 0x000001f4cbbc4730 Exception <a 'sun/nio/fs/WindowsException'{0x0000000090caca80}> (0x0000000090caca80) 
thrown [s\src\hotspot\share\prims\jni.cpp, line 516]
Event: 1.391 Thread 0x000001f4cbbc4730 Exception <a 'sun/nio/fs/WindowsException'{0x0000000090cca790}> (0x0000000090cca790) 
thrown [s\src\hotspot\share\prims\jni.cpp, line 516]
Event: 1.391 Thread 0x000001f4cbbc4730 Exception <a 'sun/nio/fs/WindowsException'{0x0000000090ccaa60}> (0x0000000090ccaa60) 
thrown [s\src\hotspot\share\prims\jni.cpp, line 516]
Event: 1.500 Thread 0x000001f4cbbc4730 Exception <a 'sun/nio/fs/WindowsException'{0x0000000090ab6090}> (0x0000000090ab6090) 
thrown [s\src\hotspot\share\prims\jni.cpp, line 516]
Event: 1.500 Thread 0x000001f4cbbc4730 Exception <a 'sun/nio/fs/WindowsException'{0x0000000090ab6430}> (0x0000000090ab6430) 
thrown [s\src\hotspot\share\prims\jni.cpp, line 516]
Event: 1.506 Thread 0x000001f4cbbc4730 Exception <a 'sun/nio/fs/WindowsException'{0x0000000090ac4ad8}> (0x0000000090ac4ad8) 
thrown [s\src\hotspot\share\prims\jni.cpp, line 516]
Event: 1.506 Thread 0x000001f4cbbc4730 Exception <a 'sun/nio/fs/WindowsException'{0x0000000090ac4da8}> (0x0000000090ac4da8) 
thrown [s\src\hotspot\share\prims\jni.cpp, line 516]

VM Operations (20 events):
Event: 0.294 Executing VM operation: HandshakeAllThreads
Event: 0.294 Executing VM operation: HandshakeAllThreads done
Event: 0.349 Executing VM operation: HandshakeAllThreads
Event: 0.349 Executing VM operation: HandshakeAllThreads done
Event: 1.358 Executing VM operation: Cleanup
Event: 1.358 Executing VM operation: Cleanup done
Event: 1.418 Executing VM operation: HandshakeAllThreads
Event: 1.418 Executing VM operation: HandshakeAllThreads done
Event: 2.420 Executing VM operation: Cleanup
Event: 2.420 Executing VM operation: Cleanup done
Event: 3.066 Executing VM operation: HandshakeAllThreads
Event: 3.066 Executing VM operation: HandshakeAllThreads done
Event: 3.103 Executing VM operation: HandshakeAllThreads
Event: 3.103 Executing VM operation: HandshakeAllThreads done
Event: 4.103 Executing VM operation: Cleanup
Event: 4.103 Executing VM operation: Cleanup done
Event: 5.104 Executing VM operation: Cleanup
Event: 5.104 Executing VM operation: Cleanup done
Event: 6.104 Executing VM operation: Cleanup
Event: 6.104 Executing VM operation: Cleanup done

Memory protections (0 events):
No events

Nmethod flushes (0 events):
No events

Events (18 events):
Event: 0.033 Thread 0x000001f4cbbc4730 Thread added: 0x000001f4cbbc4730
Event: 0.036 Thread 0x000001f4cbbc4730 Thread added: 0x000001f4e9e845f0
Event: 0.036 Thread 0x000001f4cbbc4730 Thread added: 0x000001f4e9e85b20
Event: 0.046 Thread 0x000001f4cbbc4730 Thread added: 0x000001f4e9e9a280
Event: 0.046 Thread 0x000001f4cbbc4730 Thread added: 0x000001f4e9e9cb60
Event: 0.046 Thread 0x000001f4cbbc4730 Thread added: 0x000001f4e9e9e090
Event: 0.046 Thread 0x000001f4cbbc4730 Thread added: 0x000001f4e9e9f5c0
Event: 0.046 Thread 0x000001f4cbbc4730 Thread added: 0x000001f4e9ea0ed0
Event: 0.046 Thread 0x000001f4cbbc4730 Thread added: 0x000001f4e9eaba80
Event: 0.046 Thread 0x000001f4cbbc4730 Thread added: 0x000001f4e9eb7210
Event: 0.124 Thread 0x000001f4cbbc4730 Thread added: 0x000001f4ee23d9d0
Event: 0.129 Thread 0x000001f4cbbc4730 Thread added: 0x000001f4ee254ba0
Event: 1.254 Thread 0x000001f4cbbc4730 Thread added: 0x000001f4f02fac80
Event: 1.398 Thread 0x000001f4e9eaba80 Thread added: 0x000001f4f0564030
Event: 1.608 Thread 0x000001f4f0564030 Thread exited: 0x000001f4f0564030
Event: 1.628 Thread 0x000001f4cbbc4730 Thread added: 0x000001f4f0564030
Event: 3.088 Thread 0x000001f4e9eaba80 Thread added: 0x000001f4f04e98b0
Event: 3.323 Thread 0x000001f4f04e98b0 Thread exited: 0x000001f4f04e98b0


Dynamic libraries:
0x00007ff75ad50000 - 0x00007ff75ad5e000 	C:\Users\Joaqu\.gradle\jdks\eclipse_adoptium-17-amd64-windows.2\bin\java.exe
0x00007fffb1480000 - 0x00007fffb16e8000 	C:\WINDOWS\SYSTEM32\ntdll.dll
0x00007fffb01c0000 - 0x00007fffb0289000 	C:\WINDOWS\System32\KERNEL32.DLL
0x00007fffaec10000 - 0x00007fffaf008000 	C:\WINDOWS\System32\KERNELBASE.dll
0x00007fffaf040000 - 0x00007fffaf18b000 	C:\WINDOWS\System32\ucrtbase.dll
0x00007fff98790000 - 0x00007fff987a7000 	C:\Users\Joaqu\.gradle\jdks\eclipse_adoptium-17-amd64-windows.2\bin\jli.dll
0x00007fff97e30000 - 0x00007fff97e4e000 	C:\Users\Joaqu\.gradle\jdks\eclipse_adoptium-17-amd64-windows.2\bin\VCRUNTIME140.dll
0x00007fffaf800000 - 0x00007fffaf9c7000 	C:\WINDOWS\System32\USER32.dll
0x00007fffaf010000 - 0x00007fffaf037000 	C:\WINDOWS\System32\win32u.dll
0x00007fff9a260000 - 0x00007fff9a4f4000 	C:\WINDOWS\WinSxS\amd64_microsoft.windows.common-controls_6595b64144ccf1df_6.0.26100.7019_none_3e06ffa0e335b8a8\COMCTL32.dll
0x00007fffaf4b0000 - 0x00007fffaf4db000 	C:\WINDOWS\System32\GDI32.dll
0x00007fffb00c0000 - 0x00007fffb0169000 	C:\WINDOWS\System32\msvcrt.dll
0x00007fffae5d0000 - 0x00007fffae6fc000 	C:\WINDOWS\System32\gdi32full.dll
0x00007fffae9f0000 - 0x00007fffaea93000 	C:\WINDOWS\System32\msvcp_win.dll
0x00007fffb1010000 - 0x00007fffb1041000 	C:\WINDOWS\System32\IMM32.DLL
0x00007fff92720000 - 0x00007fff9272c000 	C:\Users\Joaqu\.gradle\jdks\eclipse_adoptium-17-amd64-windows.2\bin\vcruntime140_1.dll
0x00007fff77a20000 - 0x00007fff77aad000 	C:\Users\Joaqu\.gradle\jdks\eclipse_adoptium-17-amd64-windows.2\bin\msvcp140.dll
0x00007ffec32d0000 - 0x00007ffec3f3b000 	C:\Users\Joaqu\.gradle\jdks\eclipse_adoptium-17-amd64-windows.2\bin\server\jvm.dll
0x00007fffb0320000 - 0x00007fffb03d4000 	C:\WINDOWS\System32\ADVAPI32.dll
0x00007fffb0010000 - 0x00007fffb00b6000 	C:\WINDOWS\System32\sechost.dll
0x00007fffaf6e0000 - 0x00007fffaf7f8000 	C:\WINDOWS\System32\RPCRT4.dll
0x00007fffaf320000 - 0x00007fffaf394000 	C:\WINDOWS\System32\WS2_32.dll
0x00007fffa7dc0000 - 0x00007fffa7df5000 	C:\WINDOWS\SYSTEM32\WINMM.dll
0x00007fffae430000 - 0x00007fffae48e000 	C:\WINDOWS\SYSTEM32\POWRPROF.dll
0x00007fffa7e00000 - 0x00007fffa7e0b000 	C:\WINDOWS\SYSTEM32\VERSION.dll
0x00007fffae410000 - 0x00007fffae424000 	C:\WINDOWS\SYSTEM32\UMPDC.dll
0x00007fffad390000 - 0x00007fffad3ab000 	C:\WINDOWS\SYSTEM32\kernel.appcore.dll
0x00007fff82240000 - 0x00007fff8224a000 	C:\Users\Joaqu\.gradle\jdks\eclipse_adoptium-17-amd64-windows.2\bin\jimage.dll
0x00007fffa29d0000 - 0x00007fffa2c12000 	C:\WINDOWS\SYSTEM32\DBGHELP.DLL
0x00007fffb0bc0000 - 0x00007fffb0f4b000 	C:\WINDOWS\System32\combase.dll
0x00007fffaf540000 - 0x00007fffaf617000 	C:\WINDOWS\System32\OLEAUT32.dll
0x00007fff968a0000 - 0x00007fff968dc000 	C:\WINDOWS\SYSTEM32\dbgcore.DLL
0x00007fffae880000 - 0x00007fffae925000 	C:\WINDOWS\System32\bcryptPrimitives.dll
0x00007fff82200000 - 0x00007fff82225000 	C:\Users\Joaqu\.gradle\jdks\eclipse_adoptium-17-amd64-windows.2\bin\java.dll
0x00007fff763b0000 - 0x00007fff76487000 	C:\Users\Joaqu\.gradle\jdks\eclipse_adoptium-17-amd64-windows.2\bin\jsvml.dll
0x00007fffb03e0000 - 0x00007fffb0b2f000 	C:\WINDOWS\System32\SHELL32.dll
0x00007fffaeaa0000 - 0x00007fffaec0b000 	C:\WINDOWS\System32\wintypes.dll
0x00007fffac1f0000 - 0x00007fffaca4d000 	C:\WINDOWS\SYSTEM32\windows.storage.dll
0x00007fffaf3b0000 - 0x00007fffaf4a2000 	C:\WINDOWS\System32\SHCORE.dll
0x00007fffb13a0000 - 0x00007fffb1407000 	C:\WINDOWS\System32\shlwapi.dll
0x00007fffae4f0000 - 0x00007fffae519000 	C:\WINDOWS\SYSTEM32\profapi.dll
0x00007fff7f2a0000 - 0x00007fff7f2b9000 	C:\Users\Joaqu\.gradle\jdks\eclipse_adoptium-17-amd64-windows.2\bin\net.dll
0x00007fffa7020000 - 0x00007fffa7148000 	C:\WINDOWS\SYSTEM32\WINHTTP.dll
0x00007fffad900000 - 0x00007fffad96b000 	C:\WINDOWS\system32\mswsock.dll
0x00007fff7f280000 - 0x00007fff7f296000 	C:\Users\Joaqu\.gradle\jdks\eclipse_adoptium-17-amd64-windows.2\bin\nio.dll
0x00007fff821e0000 - 0x00007fff821f8000 	C:\Users\Joaqu\.gradle\jdks\eclipse_adoptium-17-amd64-windows.2\bin\zip.dll
0x000000006e700000 - 0x000000006e72d000 	C:\ProgramData\libGDX-temp\libgdxUser_71744192_GDX1_12_1\2a9d7f76\gdx64.dll
0x00007fff99ce0000 - 0x00007fff99d5b000 	C:\Users\Joaqu\AppData\Local\Temp\lwjgl_Joaqu\3.3.3+5\x64\lwjgl.dll
0x00007fff06200000 - 0x00007fff06470000 	C:\Users\Joaqu\AppData\Local\Temp\lwjgl_Joaqu\3.3.3+5\x64\jemalloc.dll
0x00007fff82070000 - 0x00007fff820f2000 	C:\Users\Joaqu\AppData\Local\Temp\lwjgl_Joaqu\3.3.3+5\x64\glfw.dll
0x00007fff83060000 - 0x00007fff830ab000 	C:\WINDOWS\SYSTEM32\dinput8.dll
0x00007fff99db0000 - 0x00007fff99dcc000 	C:\WINDOWS\SYSTEM32\xinput1_4.dll
0x00007fffae120000 - 0x00007fffae177000 	C:\WINDOWS\SYSTEM32\cfgmgr32.dll
0x00007fffae180000 - 0x00007fffae1ad000 	C:\WINDOWS\SYSTEM32\DEVOBJ.dll
0x00007fffabab0000 - 0x00007fffabae0000 	C:\WINDOWS\SYSTEM32\dwmapi.dll
0x00007fff9b670000 - 0x00007fff9b851000 	C:\WINDOWS\SYSTEM32\inputhost.dll
0x00007fffab240000 - 0x00007fffab367000 	C:\WINDOWS\SYSTEM32\CoreMessaging.dll
0x00007fffab840000 - 0x00007fffab8ea000 	C:\WINDOWS\system32\uxtheme.dll
0x00007fffb1230000 - 0x00007fffb138e000 	C:\WINDOWS\System32\MSCTF.dll
0x00007fffadbc0000 - 0x00007fffadbcc000 	C:\WINDOWS\SYSTEM32\CRYPTBASE.DLL
0x00007fff82000000 - 0x00007fff8206c000 	C:\Users\Joaqu\AppData\Local\Temp\libgdxJoaqu\9b0d1e9db1460d7d\libEGL.dll
0x00007ffed0110000 - 0x00007ffed0da4000 	C:\Users\Joaqu\AppData\Local\Temp\libgdxJoaqu\9b0d1e9db1460d7d\libGLESv2.dll
0x00007fffab950000 - 0x00007fffaba89000 	C:\WINDOWS\SYSTEM32\dxgi.dll
0x00007fff059d0000 - 0x00007fff05b97000 	C:\Users\Joaqu\AppData\Local\Temp\lwjgl_Joaqu\3.3.3+5\x64\OpenAL.dll
0x00007fffafe60000 - 0x00007fffafff7000 	C:\WINDOWS\System32\ole32.dll
0x00007fffb0f50000 - 0x00007fffb1000000 	C:\WINDOWS\System32\clbcatq.dll
0x00007fffa1950000 - 0x00007fffa19e7000 	C:\WINDOWS\System32\MMDevApi.dll
0x00007fff9f990000 - 0x00007fff9fb45000 	C:\WINDOWS\SYSTEM32\AUDIOSES.DLL
0x00007fffabe80000 - 0x00007fffabe94000 	C:\WINDOWS\SYSTEM32\resourcepolicyclient.dll
0x00007fffaa960000 - 0x00007fffaabc2000 	C:\WINDOWS\SYSTEM32\d3d11.dll
0x00007fffaabd0000 - 0x00007fffaadf3000 	C:\WINDOWS\SYSTEM32\dcomp.dll
0x00007fffa9900000 - 0x00007fffa9919000 	C:\WINDOWS\SYSTEM32\Microsoft.Internal.WarpPal.dll
0x00007fffabb00000 - 0x00007fffabb43000 	C:\WINDOWS\SYSTEM32\dxcore.dll
0x00007fffa8b40000 - 0x00007fffa8ba3000 	C:\WINDOWS\SYSTEM32\directxdatabasehelper.dll
0x00007fffa6e60000 - 0x00007fffa701b000 	C:\WINDOWS\System32\DriverStore\FileRepository\u0417851.inf_amd64_b78a5cd6955e6756\B417470\aticfx64.dll
0x00007fffa6cf0000 - 0x00007fffa6d29000 	C:\WINDOWS\System32\DriverStore\FileRepository\u0417851.inf_amd64_b78a5cd6955e6756\B417470\atiuxp64.dll
0x00007fffa4d70000 - 0x00007fffa6ce2000 	C:\WINDOWS\System32\DriverStore\FileRepository\u0417851.inf_amd64_b78a5cd6955e6756\B417470\atidxx64.dll
0x00007fffaf9d0000 - 0x00007fffafe5a000 	C:\WINDOWS\System32\SETUPAPI.dll
0x00007fffab600000 - 0x00007fffab69f000 	C:\WINDOWS\SYSTEM32\apphelp.dll
0x00007fffa4ab0000 - 0x00007fffa4ae5000 	C:\WINDOWS\SYSTEM32\amdihk64.dll
0x00007fffa4820000 - 0x00007fffa4905000 	C:\WINDOWS\SYSTEM32\D3DSCache.dll
0x00007fffad9b0000 - 0x00007fffad9db000 	C:\WINDOWS\SYSTEM32\USERENV.dll
0x00007fffa8c20000 - 0x00007fffa8ce0000 	C:\WINDOWS\SYSTEM32\mscms.dll
0x00007fff6fd60000 - 0x00007fff6fda9000 	C:\WINDOWS\SYSTEM32\icm32.dll
0x00007fff81fc0000 - 0x00007fff81ff9000 	C:\Users\Joaqu\AppData\Local\Temp\lwjgl_Joaqu\3.3.3+5\x64\lwjgl_opengles.dll
0x00007fff9b520000 - 0x00007fff9b667000 	C:\WINDOWS\SYSTEM32\textinputframework.dll
0x00007fffa7a40000 - 0x00007fffa7d22000 	C:\WINDOWS\SYSTEM32\CoreUIComponents.dll
0x00007fff81f60000 - 0x00007fff81fbe000 	C:\Users\Joaqu\AppData\Local\Temp\lwjgl_Joaqu\3.3.3+5\x64\lwjgl_opengl.dll
0x00007fff79b70000 - 0x00007fff79c7c000 	C:\WINDOWS\SYSTEM32\opengl32.dll
0x00007fff78840000 - 0x00007fff7886d000 	C:\WINDOWS\SYSTEM32\GLU32.dll
0x00007fffa9b60000 - 0x00007fffa9fdf000 	C:\WINDOWS\SYSTEM32\d3dcompiler_47.dll
0x00007fffadbd0000 - 0x00007fffadbeb000 	C:\WINDOWS\SYSTEM32\cryptsp.dll

dbghelp: loaded successfully - version: 4.0.5 - missing functions: none
symbol engine: initialized successfully - sym options: 0x614 - pdb path: .;C:\Users\Joaqu\.gradle\jdks\eclipse_adoptium-17-amd64-windows.2\bin;C:\WINDOWS\SYSTEM32;C:\WINDOWS\WinSxS\amd64_microsoft.windows.common-controls_6595b64144ccf1df_6.0.26100.7019_none_3e06ffa0e335b8a8;C:\Users\Joaqu\.gradle\jdks\eclipse_adoptium-17-amd64-windows.2\bin\server;C:\ProgramData\libGDX-temp\libgdxUser_71744192_GDX1_12_1\2a9d7f76;C:\Users\Joaqu\AppData\Local\Temp\lwjgl_Joaqu\3.3.3+5\x64;C:\Users\Joaqu\AppData\Local\Temp\libgdxJoaqu\9b0d1e9db1460d7d;C:\WINDOWS\System32\DriverStore\FileRepository\u0417851.inf_amd64_b78a5cd6955e6756\B417470

VM Arguments:
jvm_args: -Dfile.encoding=UTF-8 -Duser.country=AR -Duser.language=es -Duser.variant 
java_command: com.snakeinfinite.game.lwjgl3.Lwjgl3Launcher
java_class_path (initial): C:\Proyecto\lwjgl3\build\classes\java\main;C:\Proyecto\lwjgl3\build\resources\main;C:\Users\Joaqu\.gradle\caches\modules-2\files-2.1\com.badlogicgames.gdx\gdx-backend-lwjgl3\1.12.1\12a144cacb34f0392cd8354f798d99e4836a51a8\gdx-backend-lwjgl3-1.12.1.jar;C:\Users\Joaqu\.gradle\caches\modules-2\files-2.1\com.badlogicgames.gdx\gdx-box2d-platform\1.12.1\4e82228fcdd2e8a7673fe7952588acfdb33d7820\gdx-box2d-platform-1.12.1-natives-desktop.jar;C:\Users\Joaqu\.gradle\caches\modules-2\files-2.1\com.badlogicgames.gdx\gdx-freetype-platform\1.12.1\a32f9ecca13ae01370d9649e48a30201080d4c18\gdx-freetype-platform-1.12.1-natives-desktop.jar;C:\Users\Joaqu\.gradle\caches\modules-2\files-2.1\com.badlogicgames.gdx\gdx-lwjgl3-angle\1.12.1\82499f9743532b9edfd843b99a897b6016cd147a\gdx-lwjgl3-angle-1.12.1.jar;C:\Users\Joaqu\.gradle\caches\modules-2\files-2.1\com.badlogicgames.gdx\gdx-platform\1.12.1\5737be5ce3a4e8f9f77c2d9ab95ab479f9c3705f\gdx-platform-1.12.1-natives-desktop.jar;C:\Proyecto\core\build\libs\core-1.0.0.jar;C:\Users\Joaqu\.gradle\caches\modules-2\files-2.1\com.badlogicgames.gdx\gdx-box2d\1.12.1\6c37ed04f97d062f1bdc4afe1f583182e539a269\gdx-box2d-1.12.1.jar;C:\Users\Joaqu\.gradle\caches\modules-2\files-2.1\com.badlogicgames.gdx\gdx-freetype\1.12.1\d5826997b0cfa595a72889610fadb18405056c1c\gdx-freetype-1.12.1.jar;C:\Users\Joaqu\.gradle\caches\modules-2\files-2.1\com.badlogicgames.gdx\gdx\1.12.1\a2d066c09329c457045c284c42d6f37122840aa\gdx-1.12.1.jar;C:\Users\Joaqu\.gradle\caches\modules-2\files-2.1\org.lwjgl\lwjgl-glfw\3.3.3\efa1eb78c5ccd840e9f329717109b5e892d72f8e\lwjgl-glfw-3.3.3.jar;C:\Users\Joaqu\.gradle\caches\modules-2\files-2.1\org.lwjgl\lwjgl-glfw\3.3.3\a03684c5e4b1b1dbbe0d29dbbdc27b985b6840f2\lwjgl-glfw-3.3.3-natives-linux.jar;C:\Users\Joaqu\.gradle\caches\modules-2\files-2.1\org.lwjgl\lwjgl-glfw\3.3.3\d9af485c32545b37dd5359b163161d42d7534dcf\lwjgl-glfw-3.3.3-natives-linux-arm32.jar;C:\Users\Joaqu\.gradle\caches\modules-2\files-2.1\org.lwjgl\lwjgl
Launcher Type: SUN_STANDARD

[Global flags]
     intx CICompilerCount                          = 4                                         {product} {ergonomic}
     uint ConcGCThreads                            = 3                                         {product} {ergonomic}
     uint G1ConcRefinementThreads                  = 10                                        {product} {ergonomic}
   size_t G1HeapRegionSize                         = 1048576                                   {product} {ergonomic}
    uintx GCDrainStackTargetSize                   = 64                                        {product} {ergonomic}
   size_t InitialHeapSize                          = 123731968                                 {product} {ergonomic}
   size_t MarkStackSize                            = 4194304                                   {product} {ergonomic}
   size_t MaxHeapSize                              = 1975517184                                {product} {ergonomic}
   size_t MaxNewSize                               = 1184890880                                {product} {ergonomic}
   size_t MinHeapDeltaBytes                        = 1048576                                   {product} {ergonomic}
   size_t MinHeapSize                              = 8388608                                   {product} {ergonomic}
    uintx NonNMethodCodeHeapSize                   = 5839372                                {pd product} {ergonomic}
    uintx NonProfiledCodeHeapSize                  = 122909434                              {pd product} {ergonomic}
    uintx ProfiledCodeHeapSize                     = 122909434                              {pd product} {ergonomic}
    uintx ReservedCodeCacheSize                    = 251658240                              {pd product} {ergonomic}
     bool SegmentedCodeCache                       = true                                      {product} {ergonomic}
   size_t SoftMaxHeapSize                          = 1975517184                             {manageable} {ergonomic}
     bool UseCompressedClassPointers               = true                           {product lp64_product} {ergonomic}
     bool UseCompressedOops                        = true                           {product lp64_product} {ergonomic}
     bool UseG1GC                                  = true                                      {product} {ergonomic}
     bool UseLargePagesIndividualAllocation        = false                                  {pd product} {ergonomic}

Logging:
Log output configuration:
 #0: stdout all=warning uptime,level,tags
 #1: stderr all=off uptime,level,tags

Environment Variables:
PATH=C:\Program Files\Common Files\Oracle\Java\javapath;C:\Program Files (x86)\Common Files\Oracle\Java\javapath;C:\Python313\Scripts\;C:\Python313\;C:\WINDOWS\system32;C:\WINDOWS;C:\WINDOWS\System32\Wbem;C:\WINDOWS\System32\WindowsPowerShell\v1.0\;C:\WINDOWS\System32\OpenSSH\;C:\Program Files\dotnet\;C:\Program Files\nodejs\;C:\ProgramData\chocolatey\bin;C:\Program Files\Git\cmd;C:\Program Files\Cloudflare\Cloudflare WARP\;C:\Program Files\Java\jdk1.8.0_202\bin;C:\Program Files\Java\jdk-17\bin;C:\Users\Joaqu\AppData\Local\Microsoft\WindowsApps;;C:\Users\Joaqu\AppData\Local\Programs\Microsoft VS Code\bin;C:\Users\Joaqu\AppData\Roaming\npm;C:\Users\Joaqu\AppData\Local\Programs\Windsurf\bin;C:\Program Files\JetBrains\IntelliJ IDEA Community Edition 2025.1.3\bin;
USERNAME=Joaqu
OS=Windows_NT
PROCESSOR_IDENTIFIER=AMD64 Family 25 Model 80 Stepping 0, AuthenticAMD
TMP=C:\Users\Joaqu\AppData\Local\Temp
TEMP=C:\Users\Joaqu\AppData\Local\Temp



Periodic native trim disabled


---------------  S Y S T E M  ---------------

OS:
 Windows 11 , 64 bit Build 26100 (10.0.26100.7019)
OS uptime: 0 days 12:58 hours
Hyper-V role detected

CPU: total 12 (initial active 12) (12 cores per cpu, 2 threads per core) family 25 model 80 stepping 0 microcode 0xa500014, cx8, cmov, fxsr, ht, mmx, 3dnowpref, sse, sse2, sse3, ssse3, sse4a, sse4.1, sse4.2, popcnt, lzcnt, tsc, tscinvbit, avx, avx2, aes, erms, clmul, bmi1, bmi2, adx, sha, fma, vzeroupper, clflush, clflushopt, hv
Processor Information for processor 0
  Max Mhz: 2301, Current Mhz: 1798, Mhz Limit: 2301
Processor Information for processor 1
  Max Mhz: 2301, Current Mhz: 2301, Mhz Limit: 2301
Processor Information for processor 2
  Max Mhz: 2301, Current Mhz: 1798, Mhz Limit: 2301
Processor Information for processor 3
  Max Mhz: 2301, Current Mhz: 1798, Mhz Limit: 2301
Processor Information for processor 4
  Max Mhz: 2301, Current Mhz: 2301, Mhz Limit: 2301
Processor Information for processor 5
  Max Mhz: 2301, Current Mhz: 1798, Mhz Limit: 2301
Processor Information for processor 6
  Max Mhz: 2301, Current Mhz: 1798, Mhz Limit: 2301
Processor Information for processor 7
  Max Mhz: 2301, Current Mhz: 1798, Mhz Limit: 2301
Processor Information for processor 8
  Max Mhz: 2301, Current Mhz: 1798, Mhz Limit: 2301
Processor Information for processor 9
  Max Mhz: 2301, Current Mhz: 1798, Mhz Limit: 2301
Processor Information for processor 10
  Max Mhz: 2301, Current Mhz: 1798, Mhz Limit: 2301
Processor Information for processor 11
  Max Mhz: 2301, Current Mhz: 1798, Mhz Limit: 2301

Memory: 4k page, system-wide physical 7528M (766M free)
TotalPageFile size 21342M (AvailPageFile size 1760M)
current process WorkingSet (physical memory assigned to process): 125M, peak: 127M
current process commit charge ("private bytes"): 253M, peak: 259M

vm_info: OpenJDK 64-Bit Server VM (17.0.15+6) for windows-amd64 JRE (17.0.15+6), built on Apr 15 2025 21:25:47 by "admin" with MS VC++ 17.7 (VS2022)

END.
